Started GET "/" for ::1 at 2025-12-11 23:40:29 +0530
  [1m[36mActiveRecord::SchemaMigration Load (0.1ms)[0m  [1m[34mSELECT "schema_migrations"."version" FROM "schema_migrations" ORDER BY "schema_migrations"."version" ASC[0m
Processing by UsersController#index as HTML
  Rendering layout layouts/application.html.erb
  Rendering users/index.html.erb within layouts/application
  [1m[36mUser Load (0.1ms)[0m  [1m[34mSELECT "users".* FROM "users" LIMIT ? OFFSET ?[0m  [["LIMIT", 20], ["OFFSET", 0]]
  ↳ app/views/users/index.html.erb:3
  Rendered users/index.html.erb within layouts/application (Duration: 41.2ms | Allocations: 38556)
  Rendered layout layouts/application.html.erb (Duration: 1027.0ms | Allocations: 118978)
Completed 200 OK in 1045ms (Views: 1031.9ms | ActiveRecord: 1.4ms | Allocations: 126496)


Started GET "/assets/application-381287eca19f4d3ca6a8aa9ed68b8805d918bc26f4597e4f39e30f6259188840.css" for ::1 at 2025-12-11 23:40:31 +0530
Started GET "/users" for ::1 at 2025-12-11 23:40:36 +0530
Processing by UsersController#index as HTML
  Rendering layout layouts/application.html.erb
  Rendering users/index.html.erb within layouts/application
  [1m[36mUser Load (0.3ms)[0m  [1m[34mSELECT "users".* FROM "users" LIMIT ? OFFSET ?[0m  [["LIMIT", 20], ["OFFSET", 0]]
  ↳ app/views/users/index.html.erb:3
  Rendered users/index.html.erb within layouts/application (Duration: 9.2ms | Allocations: 3618)
  Rendered layout layouts/application.html.erb (Duration: 15.0ms | Allocations: 5683)
Completed 200 OK in 17ms (Views: 15.6ms | ActiveRecord: 0.3ms | Allocations: 5920)


Started GET "/?dir=asc&order=name" for ::1 at 2025-12-11 23:40:41 +0530
Processing by UsersController#index as HTML
  Parameters: {"dir"=>"asc", "order"=>"name"}
  Rendering layout layouts/application.html.erb
  Rendering users/index.html.erb within layouts/application
  [1m[36mUser Load (0.6ms)[0m  [1m[34mSELECT "users".* FROM "users" ORDER BY "users"."name" ASC LIMIT ? OFFSET ?[0m  [["LIMIT", 20], ["OFFSET", 0]]
  ↳ app/views/users/index.html.erb:3
  Rendered users/index.html.erb within layouts/application (Duration: 7.3ms | Allocations: 3785)
  Rendered layout layouts/application.html.erb (Duration: 8.8ms | Allocations: 4916)
Completed 200 OK in 10ms (Views: 8.6ms | ActiveRecord: 0.6ms | Allocations: 5152)


Started GET "/?dir=asc&order=email" for ::1 at 2025-12-11 23:40:46 +0530
Processing by UsersController#index as HTML
  Parameters: {"dir"=>"asc", "order"=>"email"}
  Rendering layout layouts/application.html.erb
  Rendering users/index.html.erb within layouts/application
  [1m[36mUser Load (0.3ms)[0m  [1m[34mSELECT "users".* FROM "users" ORDER BY "users"."email" ASC LIMIT ? OFFSET ?[0m  [["LIMIT", 20], ["OFFSET", 0]]
  ↳ app/views/users/index.html.erb:3
  Rendered users/index.html.erb within layouts/application (Duration: 14.1ms | Allocations: 3770)
  Rendered layout layouts/application.html.erb (Duration: 16.5ms | Allocations: 4911)
Completed 200 OK in 26ms (Views: 19.9ms | ActiveRecord: 0.3ms | Allocations: 5147)


Started GET "/?dir=desc&order=email" for ::1 at 2025-12-11 23:40:51 +0530
Processing by UsersController#index as HTML
  Parameters: {"dir"=>"desc", "order"=>"email"}
  Rendering layout layouts/application.html.erb
  Rendering users/index.html.erb within layouts/application
  [1m[36mUser Load (0.8ms)[0m  [1m[34mSELECT "users".* FROM "users" ORDER BY "users"."email" DESC LIMIT ? OFFSET ?[0m  [["LIMIT", 20], ["OFFSET", 0]]
  ↳ app/views/users/index.html.erb:3
  Rendered users/index.html.erb within layouts/application (Duration: 7.0ms | Allocations: 3753)
  Rendered layout layouts/application.html.erb (Duration: 8.2ms | Allocations: 4894)
Completed 200 OK in 9ms (Views: 7.7ms | ActiveRecord: 0.8ms | Allocations: 5125)


Started GET "/.well-known/appspecific/com.chrome.devtools.json" for ::1 at 2025-12-11 23:40:58 +0530
  
ActionController::RoutingError (No route matches [GET] "/.well-known/appspecific/com.chrome.devtools.json"):
  
Started GET "/?dir=desc&order=email" for ::1 at 2025-12-11 23:41:05 +0530
Processing by UsersController#index as HTML
  Parameters: {"dir"=>"desc", "order"=>"email"}
  Rendering layout layouts/application.html.erb
  Rendering users/index.html.erb within layouts/application
  [1m[36mUser Load (0.4ms)[0m  [1m[34mSELECT "users".* FROM "users" ORDER BY "users"."email" DESC LIMIT ? OFFSET ?[0m  [["LIMIT", 20], ["OFFSET", 0]]
  ↳ app/views/users/index.html.erb:3
  Rendered users/index.html.erb within layouts/application (Duration: 8.3ms | Allocations: 3720)
  Rendered layout layouts/application.html.erb (Duration: 11.5ms | Allocations: 4854)
Completed 200 OK in 13ms (Views: 11.7ms | ActiveRecord: 0.4ms | Allocations: 5085)


Started GET "/?dir=desc&order=email" for ::1 at 2025-12-11 23:41:06 +0530
Processing by UsersController#index as HTML
  Parameters: {"dir"=>"desc", "order"=>"email"}
  Rendering layout layouts/application.html.erb
  Rendering users/index.html.erb within layouts/application
  [1m[36mUser Load (0.3ms)[0m  [1m[34mSELECT "users".* FROM "users" ORDER BY "users"."email" DESC LIMIT ? OFFSET ?[0m  [["LIMIT", 20], ["OFFSET", 0]]
  ↳ app/views/users/index.html.erb:3
  Rendered users/index.html.erb within layouts/application (Duration: 6.3ms | Allocations: 3738)
  Rendered layout layouts/application.html.erb (Duration: 8.6ms | Allocations: 4875)
Completed 200 OK in 10ms (Views: 8.8ms | ActiveRecord: 0.3ms | Allocations: 5111)


Started GET "/?dir=desc&order=email" for ::1 at 2025-12-11 23:41:33 +0530
  [1m[36mActiveRecord::SchemaMigration Load (0.1ms)[0m  [1m[34mSELECT "schema_migrations"."version" FROM "schema_migrations" ORDER BY "schema_migrations"."version" ASC[0m
Processing by UsersController#index as HTML
  Parameters: {"dir"=>"desc", "order"=>"email"}
  Rendering layout layouts/application.html.erb
  Rendering users/index.html.erb within layouts/application
  [1m[36mUser Load (0.1ms)[0m  [1m[34mSELECT "users".* FROM "users" ORDER BY "users"."email" DESC LIMIT ? OFFSET ?[0m  [["LIMIT", 20], ["OFFSET", 0]]
  ↳ app/views/users/index.html.erb:3
  Rendered users/index.html.erb within layouts/application (Duration: 39.5ms | Allocations: 38701)
  Rendered layout layouts/application.html.erb (Duration: 51.9ms | Allocations: 58786)
Completed 200 OK in 69ms (Views: 55.1ms | ActiveRecord: 1.3ms | Allocations: 66305)


Started GET "/?dir=asc&order=email" for ::1 at 2025-12-11 23:41:45 +0530
Processing by UsersController#index as HTML
  Parameters: {"dir"=>"asc", "order"=>"email"}
  Rendering layout layouts/application.html.erb
  Rendering users/index.html.erb within layouts/application
  [1m[36mUser Load (0.3ms)[0m  [1m[34mSELECT "users".* FROM "users" ORDER BY "users"."email" ASC LIMIT ? OFFSET ?[0m  [["LIMIT", 20], ["OFFSET", 0]]
  ↳ app/views/users/index.html.erb:3
  Rendered users/index.html.erb within layouts/application (Duration: 21.8ms | Allocations: 3768)
  Rendered layout layouts/application.html.erb (Duration: 23.7ms | Allocations: 4909)
Completed 200 OK in 27ms (Views: 25.2ms | ActiveRecord: 0.3ms | Allocations: 5146)


Started GET "/?dir=asc&order=email&page=2" for ::1 at 2025-12-11 23:41:49 +0530
Processing by UsersController#index as HTML
  Parameters: {"dir"=>"asc", "order"=>"email", "page"=>"2"}
  Rendering layout layouts/application.html.erb
  Rendering users/index.html.erb within layouts/application
  [1m[36mUser Load (0.3ms)[0m  [1m[34mSELECT "users".* FROM "users" ORDER BY "users"."email" ASC LIMIT ? OFFSET ?[0m  [["LIMIT", 20], ["OFFSET", 20]]
  ↳ app/views/users/index.html.erb:3
  Rendered users/index.html.erb within layouts/application (Duration: 8.8ms | Allocations: 3961)
  Rendered layout layouts/application.html.erb (Duration: 11.0ms | Allocations: 5094)
Completed 200 OK in 12ms (Views: 11.2ms | ActiveRecord: 0.3ms | Allocations: 5325)


Started GET "/?dir=asc&order=email&page=3" for ::1 at 2025-12-11 23:41:55 +0530
Processing by UsersController#index as HTML
  Parameters: {"dir"=>"asc", "order"=>"email", "page"=>"3"}
  Rendering layout layouts/application.html.erb
  Rendering users/index.html.erb within layouts/application
  [1m[36mUser Load (0.4ms)[0m  [1m[34mSELECT "users".* FROM "users" ORDER BY "users"."email" ASC LIMIT ? OFFSET ?[0m  [["LIMIT", 20], ["OFFSET", 40]]
  ↳ app/views/users/index.html.erb:3
  Rendered users/index.html.erb within layouts/application (Duration: 7.1ms | Allocations: 3961)
  Rendered layout layouts/application.html.erb (Duration: 9.0ms | Allocations: 5100)
Completed 200 OK in 10ms (Views: 9.1ms | ActiveRecord: 0.4ms | Allocations: 5331)


  [1m[36mActiveRecord::InternalMetadata Load (0.2ms)[0m  [1m[34mSELECT * FROM "ar_internal_metadata" WHERE "ar_internal_metadata"."key" = ? ORDER BY "ar_internal_metadata"."key" ASC LIMIT 1[0m  [[nil, "schema_sha1"]]
  [1m[36mActiveRecord::SchemaMigration Load (0.0ms)[0m  [1m[34mSELECT "schema_migrations"."version" FROM "schema_migrations" ORDER BY "schema_migrations"."version" ASC[0m
  [1m[36mTRANSACTION (0.7ms)[0m  [1m[36mbegin transaction[0m
  [1m[36mTRANSACTION (0.0ms)[0m  [1m[35mSAVEPOINT active_record_1[0m
  [1m[36mUser Create (0.6ms)[0m  [1m[32mINSERT INTO "users" ("name", "email", "status", "created_at", "updated_at") VALUES (?, ?, ?, ?, ?) RETURNING "id"[0m  [["name", "Alice"], ["email", "alice@example.com"], ["status", nil], ["created_at", "2025-12-11 18:19:45.343765"], ["updated_at", "2025-12-11 18:19:45.343765"]]
  [1m[36mTRANSACTION (0.0ms)[0m  [1m[35mRELEASE SAVEPOINT active_record_1[0m
  [1m[36mTRANSACTION (0.0ms)[0m  [1m[35mSAVEPOINT active_record_1[0m
  [1m[36mUser Create (0.5ms)[0m  [1m[32mINSERT INTO "users" ("name", "email", "status", "created_at", "updated_at") VALUES (?, ?, ?, ?, ?) RETURNING "id"[0m  [["name", "Bob"], ["email", "bob@example.com"], ["status", nil], ["created_at", "2025-12-11 18:19:45.345637"], ["updated_at", "2025-12-11 18:19:45.345637"]]
  [1m[36mTRANSACTION (0.0ms)[0m  [1m[35mRELEASE SAVEPOINT active_record_1[0m
  [1m[36mUser Count (0.1ms)[0m  [1m[34mSELECT COUNT(*) FROM "users"[0m
  [1m[36mUser Load (0.1ms)[0m  [1m[34mSELECT "users".* FROM "users" LIMIT ? OFFSET ?[0m  [["LIMIT", 10], ["OFFSET", 0]]
  [1m[36mTRANSACTION (0.1ms)[0m  [1m[31mrollback transaction[0m
  [1m[36mTRANSACTION (0.0ms)[0m  [1m[36mbegin transaction[0m
  [1m[36mTRANSACTION (0.0ms)[0m  [1m[35mSAVEPOINT active_record_1[0m
  [1m[36mUser Create (1.5ms)[0m  [1m[32mINSERT INTO "users" ("name", "email", "status", "created_at", "updated_at") VALUES (?, ?, ?, ?, ?) RETURNING "id"[0m  [["name", "Alice"], ["email", "alice@example.com"], ["status", nil], ["created_at", "2025-12-11 18:19:45.393604"], ["updated_at", "2025-12-11 18:19:45.393604"]]
  [1m[36mTRANSACTION (0.2ms)[0m  [1m[35mRELEASE SAVEPOINT active_record_1[0m
  [1m[36mTRANSACTION (0.0ms)[0m  [1m[35mSAVEPOINT active_record_1[0m
  [1m[36mUser Create (2.3ms)[0m  [1m[32mINSERT INTO "users" ("name", "email", "status", "created_at", "updated_at") VALUES (?, ?, ?, ?, ?) RETURNING "id"[0m  [["name", "Bob"], ["email", "bob@example.com"], ["status", nil], ["created_at", "2025-12-11 18:19:45.397254"], ["updated_at", "2025-12-11 18:19:45.397254"]]
  [1m[36mTRANSACTION (0.0ms)[0m  [1m[35mRELEASE SAVEPOINT active_record_1[0m
  [1m[36mUser Count (0.0ms)[0m  [1m[34mSELECT COUNT(*) FROM "users"[0m
  [1m[36mUser Load (0.0ms)[0m  [1m[34mSELECT "users".* FROM "users" LIMIT ? OFFSET ?[0m  [["LIMIT", 10], ["OFFSET", 0]]
  [1m[36mTRANSACTION (0.0ms)[0m  [1m[31mrollback transaction[0m
  [1m[36mActiveRecord::InternalMetadata Load (0.0ms)[0m  [1m[34mSELECT * FROM "ar_internal_metadata" WHERE "ar_internal_metadata"."key" = ? ORDER BY "ar_internal_metadata"."key" ASC LIMIT 1[0m  [[nil, "schema_sha1"]]
  [1m[36mActiveRecord::SchemaMigration Load (0.0ms)[0m  [1m[34mSELECT "schema_migrations"."version" FROM "schema_migrations" ORDER BY "schema_migrations"."version" ASC[0m
  [1m[36mTRANSACTION (2.5ms)[0m  [1m[36mbegin transaction[0m
  [1m[36mTRANSACTION (0.0ms)[0m  [1m[35mSAVEPOINT active_record_1[0m
  [1m[36mUser Create (0.6ms)[0m  [1m[32mINSERT INTO "users" ("name", "email", "status", "created_at", "updated_at") VALUES (?, ?, ?, ?, ?) RETURNING "id"[0m  [["name", "Alice"], ["email", "alice@example.com"], ["status", nil], ["created_at", "2025-12-11 18:19:59.282379"], ["updated_at", "2025-12-11 18:19:59.282379"]]
  [1m[36mTRANSACTION (0.0ms)[0m  [1m[35mRELEASE SAVEPOINT active_record_1[0m
  [1m[36mTRANSACTION (0.0ms)[0m  [1m[35mSAVEPOINT active_record_1[0m
  [1m[36mUser Create (0.4ms)[0m  [1m[32mINSERT INTO "users" ("name", "email", "status", "created_at", "updated_at") VALUES (?, ?, ?, ?, ?) RETURNING "id"[0m  [["name", "Bob"], ["email", "bob@example.com"], ["status", nil], ["created_at", "2025-12-11 18:19:59.284215"], ["updated_at", "2025-12-11 18:19:59.284215"]]
  [1m[36mTRANSACTION (0.0ms)[0m  [1m[35mRELEASE SAVEPOINT active_record_1[0m
  [1m[36mUser Count (0.1ms)[0m  [1m[34mSELECT COUNT(*) FROM "users"[0m
  [1m[36mUser Load (0.1ms)[0m  [1m[34mSELECT "users".* FROM "users" LIMIT ? OFFSET ?[0m  [["LIMIT", 10], ["OFFSET", 0]]
  [1m[36mTRANSACTION (0.0ms)[0m  [1m[31mrollback transaction[0m
  [1m[36mTRANSACTION (0.0ms)[0m  [1m[36mbegin transaction[0m
  [1m[36mTRANSACTION (0.0ms)[0m  [1m[35mSAVEPOINT active_record_1[0m
  [1m[36mUser Create (0.4ms)[0m  [1m[32mINSERT INTO "users" ("name", "email", "status", "created_at", "updated_at") VALUES (?, ?, ?, ?, ?) RETURNING "id"[0m  [["name", "Alice"], ["email", "alice@example.com"], ["status", nil], ["created_at", "2025-12-11 18:19:59.312059"], ["updated_at", "2025-12-11 18:19:59.312059"]]
  [1m[36mTRANSACTION (0.0ms)[0m  [1m[35mRELEASE SAVEPOINT active_record_1[0m
  [1m[36mTRANSACTION (0.0ms)[0m  [1m[35mSAVEPOINT active_record_1[0m
  [1m[36mUser Create (0.3ms)[0m  [1m[32mINSERT INTO "users" ("name", "email", "status", "created_at", "updated_at") VALUES (?, ?, ?, ?, ?) RETURNING "id"[0m  [["name", "Bob"], ["email", "bob@example.com"], ["status", nil], ["created_at", "2025-12-11 18:19:59.313182"], ["updated_at", "2025-12-11 18:19:59.313182"]]
  [1m[36mTRANSACTION (0.0ms)[0m  [1m[35mRELEASE SAVEPOINT active_record_1[0m
  [1m[36mUser Count (0.0ms)[0m  [1m[34mSELECT COUNT(*) FROM "users"[0m
  [1m[36mUser Load (0.0ms)[0m  [1m[34mSELECT "users".* FROM "users" LIMIT ? OFFSET ?[0m  [["LIMIT", 10], ["OFFSET", 0]]
  [1m[36mTRANSACTION (0.0ms)[0m  [1m[31mrollback transaction[0m
  [1m[36mActiveRecord::InternalMetadata Load (0.0ms)[0m  [1m[34mSELECT * FROM "ar_internal_metadata" WHERE "ar_internal_metadata"."key" = ? ORDER BY "ar_internal_metadata"."key" ASC LIMIT 1[0m  [[nil, "schema_sha1"]]
  [1m[36mActiveRecord::SchemaMigration Load (0.1ms)[0m  [1m[34mSELECT "schema_migrations"."version" FROM "schema_migrations" ORDER BY "schema_migrations"."version" ASC[0m
  [1m[36mTRANSACTION (0.7ms)[0m  [1m[36mbegin transaction[0m
  [1m[36mTRANSACTION (0.0ms)[0m  [1m[35mSAVEPOINT active_record_1[0m
  [1m[36mUser Create (0.8ms)[0m  [1m[32mINSERT INTO "users" ("name", "email", "status", "created_at", "updated_at") VALUES (?, ?, ?, ?, ?) RETURNING "id"[0m  [["name", "Alice"], ["email", "alice@example.com"], ["status", nil], ["created_at", "2025-12-11 18:22:57.801402"], ["updated_at", "2025-12-11 18:22:57.801402"]]
  [1m[36mTRANSACTION (0.0ms)[0m  [1m[35mRELEASE SAVEPOINT active_record_1[0m
  [1m[36mTRANSACTION (0.0ms)[0m  [1m[35mSAVEPOINT active_record_1[0m
  [1m[36mUser Create (0.5ms)[0m  [1m[32mINSERT INTO "users" ("name", "email", "status", "created_at", "updated_at") VALUES (?, ?, ?, ?, ?) RETURNING "id"[0m  [["name", "Bob"], ["email", "bob@example.com"], ["status", nil], ["created_at", "2025-12-11 18:22:57.803544"], ["updated_at", "2025-12-11 18:22:57.803544"]]
  [1m[36mTRANSACTION (0.0ms)[0m  [1m[35mRELEASE SAVEPOINT active_record_1[0m
  [1m[36mUser Count (0.0ms)[0m  [1m[34mSELECT COUNT(*) FROM "users"[0m
  [1m[36mUser Load (0.0ms)[0m  [1m[34mSELECT "users".* FROM "users" LIMIT ? OFFSET ?[0m  [["LIMIT", 10], ["OFFSET", 0]]
  [1m[36mTRANSACTION (0.0ms)[0m  [1m[31mrollback transaction[0m
  [1m[36mTRANSACTION (0.0ms)[0m  [1m[36mbegin transaction[0m
  [1m[36mTRANSACTION (0.0ms)[0m  [1m[35mSAVEPOINT active_record_1[0m
  [1m[36mUser Create (1.6ms)[0m  [1m[32mINSERT INTO "users" ("name", "email", "status", "created_at", "updated_at") VALUES (?, ?, ?, ?, ?) RETURNING "id"[0m  [["name", "Alice"], ["email", "alice@example.com"], ["status", nil], ["created_at", "2025-12-11 18:22:57.842109"], ["updated_at", "2025-12-11 18:22:57.842109"]]
  [1m[36mTRANSACTION (0.0ms)[0m  [1m[35mRELEASE SAVEPOINT active_record_1[0m
  [1m[36mTRANSACTION (0.0ms)[0m  [1m[35mSAVEPOINT active_record_1[0m
  [1m[36mUser Create (1.3ms)[0m  [1m[32mINSERT INTO "users" ("name", "email", "status", "created_at", "updated_at") VALUES (?, ?, ?, ?, ?) RETURNING "id"[0m  [["name", "Bob"], ["email", "bob@example.com"], ["status", nil], ["created_at", "2025-12-11 18:22:57.846278"], ["updated_at", "2025-12-11 18:22:57.846278"]]
  [1m[36mTRANSACTION (0.0ms)[0m  [1m[35mRELEASE SAVEPOINT active_record_1[0m
  [1m[36mUser Count (0.0ms)[0m  [1m[34mSELECT COUNT(*) FROM "users"[0m
  [1m[36mUser Load (0.0ms)[0m  [1m[34mSELECT "users".* FROM "users" LIMIT ? OFFSET ?[0m  [["LIMIT", 10], ["OFFSET", 0]]
  [1m[36mTRANSACTION (0.0ms)[0m  [1m[31mrollback transaction[0m
  [1m[36mActiveRecord::InternalMetadata Load (0.0ms)[0m  [1m[34mSELECT * FROM "ar_internal_metadata" WHERE "ar_internal_metadata"."key" = ? ORDER BY "ar_internal_metadata"."key" ASC LIMIT 1[0m  [[nil, "schema_sha1"]]
  [1m[36mActiveRecord::SchemaMigration Load (0.1ms)[0m  [1m[34mSELECT "schema_migrations"."version" FROM "schema_migrations" ORDER BY "schema_migrations"."version" ASC[0m
  [1m[36mTRANSACTION (0.7ms)[0m  [1m[36mbegin transaction[0m
  [1m[36mTRANSACTION (0.0ms)[0m  [1m[35mSAVEPOINT active_record_1[0m
  [1m[36mUser Create (0.5ms)[0m  [1m[32mINSERT INTO "users" ("name", "email", "status", "created_at", "updated_at") VALUES (?, ?, ?, ?, ?) RETURNING "id"[0m  [["name", "Alice"], ["email", "alice@example.com"], ["status", nil], ["created_at", "2025-12-12 05:01:45.692434"], ["updated_at", "2025-12-12 05:01:45.692434"]]
  [1m[36mTRANSACTION (0.0ms)[0m  [1m[35mRELEASE SAVEPOINT active_record_1[0m
  [1m[36mTRANSACTION (0.0ms)[0m  [1m[35mSAVEPOINT active_record_1[0m
  [1m[36mUser Create (0.4ms)[0m  [1m[32mINSERT INTO "users" ("name", "email", "status", "created_at", "updated_at") VALUES (?, ?, ?, ?, ?) RETURNING "id"[0m  [["name", "Bob"], ["email", "bob@example.com"], ["status", nil], ["created_at", "2025-12-12 05:01:45.694100"], ["updated_at", "2025-12-12 05:01:45.694100"]]
  [1m[36mTRANSACTION (0.0ms)[0m  [1m[35mRELEASE SAVEPOINT active_record_1[0m
  [1m[36mUser Count (0.1ms)[0m  [1m[34mSELECT COUNT(*) FROM "users"[0m
  [1m[36mUser Load (0.1ms)[0m  [1m[34mSELECT "users".* FROM "users" LIMIT ? OFFSET ?[0m  [["LIMIT", 10], ["OFFSET", 0]]
  [1m[36mTRANSACTION (0.1ms)[0m  [1m[31mrollback transaction[0m
  [1m[36mTRANSACTION (0.0ms)[0m  [1m[36mbegin transaction[0m
  [1m[36mTRANSACTION (0.0ms)[0m  [1m[35mSAVEPOINT active_record_1[0m
  [1m[36mUser Create (0.4ms)[0m  [1m[32mINSERT INTO "users" ("name", "email", "status", "created_at", "updated_at") VALUES (?, ?, ?, ?, ?) RETURNING "id"[0m  [["name", "Alice"], ["email", "alice@example.com"], ["status", nil], ["created_at", "2025-12-12 05:01:45.724495"], ["updated_at", "2025-12-12 05:01:45.724495"]]
  [1m[36mTRANSACTION (0.0ms)[0m  [1m[35mRELEASE SAVEPOINT active_record_1[0m
  [1m[36mTRANSACTION (0.0ms)[0m  [1m[35mSAVEPOINT active_record_1[0m
  [1m[36mUser Create (0.4ms)[0m  [1m[32mINSERT INTO "users" ("name", "email", "status", "created_at", "updated_at") VALUES (?, ?, ?, ?, ?) RETURNING "id"[0m  [["name", "Bob"], ["email", "bob@example.com"], ["status", nil], ["created_at", "2025-12-12 05:01:45.725863"], ["updated_at", "2025-12-12 05:01:45.725863"]]
  [1m[36mTRANSACTION (0.0ms)[0m  [1m[35mRELEASE SAVEPOINT active_record_1[0m
  [1m[36mUser Count (0.0ms)[0m  [1m[34mSELECT COUNT(*) FROM "users"[0m
  [1m[36mUser Load (0.0ms)[0m  [1m[34mSELECT "users".* FROM "users" LIMIT ? OFFSET ?[0m  [["LIMIT", 10], ["OFFSET", 0]]
  [1m[36mTRANSACTION (0.0ms)[0m  [1m[31mrollback transaction[0m
